<?xml version="1.0" encoding="UTF-8"?>
<testng-results skipped="0" failed="0" ignored="0" total="1" passed="1">
  <reporter-output>
  </reporter-output>
  <suite name="Default suite" duration-ms="14534" started-at="2020-02-24T12:06:09 NZDT" finished-at="2020-02-24T12:06:23 NZDT">
    <groups>
    </groups>
    <test name="Default test" duration-ms="14534" started-at="2020-02-24T12:06:09 NZDT" finished-at="2020-02-24T12:06:23 NZDT">
      <class name="testcases.Regression">
        <test-method status="PASS" signature="Login()[pri:0, instance:testcases.Regression@527740a2]" name="Login" duration-ms="14500" started-at="2020-02-24T12:06:09 NZDT" finished-at="2020-02-24T12:06:23 NZDT">
          <reporter-output>
          </reporter-output>
        </test-method> <!-- Login -->
      </class> <!-- testcases.Regression -->
    </test> <!-- Default test -->
  </suite> <!-- Default suite -->
</testng-results>
