<?xml version="1.0" encoding="UTF-8"?>
<testng-results skipped="0" failed="0" total="1" passed="1">
  <reporter-output>
  </reporter-output>
  <suite name="Default suite" duration-ms="420" started-at="2020-04-07T00:09:19Z" finished-at="2020-04-07T00:09:20Z">
    <groups>
    </groups>
    <test name="Default test" duration-ms="420" started-at="2020-04-07T00:09:19Z" finished-at="2020-04-07T00:09:20Z">
      <class name="XML.XMLgenerate">
        <test-method status="PASS" signature="CallSuite()[pri:0, instance:XML.XMLgenerate@b97c004]" name="CallSuite" duration-ms="404" started-at="2020-04-07T12:09:19Z" finished-at="2020-04-07T12:09:20Z">
          <reporter-output>
          </reporter-output>
        </test-method> <!-- CallSuite -->
      </class> <!-- XML.XMLgenerate -->
    </test> <!-- Default test -->
  </suite> <!-- Default suite -->
</testng-results>
