<?xml version="1.0" encoding="UTF-8"?>
<!-- Generated by org.testng.reporters.JUnitXMLReporter -->
<testsuite hostname="NZWGTNLP54" ignored="0" name="Default test" tests="3" failures="0" timestamp="2020-04-01T15:49:22 NZDT" time="0.075" errors="0">
  <testcase name="aestcase2" time="0.014" classname="demo.testngpractise.demo1"/>
  <testcase name="bestcase3" time="0.001" classname="demo.testngpractise.demo1"/>
  <testcase name="destcase1" time="0.001" classname="demo.testngpractise.demo1"/>
</testsuite> <!-- Default test -->
