<?xml version="1.0" encoding="UTF-8"?>
<!-- Generated by org.testng.reporters.JUnitXMLReporter -->
<testsuite hostname="NZWGTNLP54" ignored="0" name="Module1" tests="5" failures="1" timestamp="2020-02-14T15:30:14 NZDT" time="0.084" errors="0">
  <testcase name="method2" time="0.014" classname="TestPackage.TestClass2">
    <failure type="java.lang.AssertionError" message="did not expect to find [true] but found [false]">
      <![CDATA[java.lang.AssertionError: did not expect to find [true] but found [false]
at TestPackage.TestClass2.method2(TestClass2.java:14)
at java.util.ArrayList.forEach(Unknown Source)
... Removed 31 stack frames]]>
    </failure>
  </testcase> <!-- method2 -->
  <testcase name="method22" time="0.002" classname="TestPackage.TestClass2"/>
  <testcase name="method1" time="0.0" classname="TestPackage.TestClass1"/>
  <testcase name="method12" time="0.002" classname="TestPackage.TestClass1"/>
  <testcase name="method2" time="0.001" classname="TestPackage.TestClass1"/>
</testsuite> <!-- Module1 -->
