<?xml version="1.0" encoding="UTF-8"?>
<!-- Generated by org.testng.reporters.JUnitXMLReporter -->
<testsuite hostname="NZWGTNLP54" ignored="0" name="Module2" tests="5" failures="0" timestamp="2020-02-14T15:30:14 NZDT" time="0.017" errors="0">
  <testcase name="method4" time="0.0" classname="TestPackage2.TestClass4"/>
  <testcase name="method3" time="0.001" classname="TestPackage2.TestClass3"/>
  <testcase name="method33" time="0.0" classname="TestPackage2.TestClass3"/>
  <testcase name="method33" time="0.0" classname="TestPackage2.TestClass3"/>
  <testcase name="method33" time="0.001" classname="TestPackage2.TestClass3"/>
</testsuite> <!-- Module2 -->
