<?xml version="1.0" encoding="UTF-8"?>
<!-- Generated by org.testng.reporters.JUnitXMLReporter -->
<testsuite hostname="NZWGTNLP54" ignored="1" name="Test" tests="2" failures="0" timestamp="2020-04-01T15:52:48 NZDT" time="0.125" errors="0">
  <testcase name="aestcase2" time="0.026" classname="demo.testngpractise.demo1"/>
  <testcase name="bestcase3" time="0.002" classname="demo.testngpractise.demo1"/>
  <testcase name="destcase1" time="0.0" classname="demo.testngpractise.demo1">
    <ignored/>
  </testcase> <!-- destcase1 -->
</testsuite> <!-- Test -->
