<?xml version="1.0" encoding="UTF-8"?>
<testng-results skipped="0" failed="0" ignored="0" total="1" passed="1">
  <reporter-output>
  </reporter-output>
  <suite name="Default suite" duration-ms="63" started-at="2020-02-24T10:22:55 NZDT" finished-at="2020-02-24T10:22:55 NZDT">
    <groups>
    </groups>
    <test name="Default test" duration-ms="63" started-at="2020-02-24T10:22:55 NZDT" finished-at="2020-02-24T10:22:55 NZDT">
      <class name="PackageA.Demo1">
        <test-method status="PASS" signature="LogTest()[pri:0, instance:PackageA.Demo1@3eb738bb]" name="LogTest" duration-ms="28" started-at="2020-02-24T10:22:55 NZDT" finished-at="2020-02-24T10:22:55 NZDT">
          <reporter-output>
          </reporter-output>
        </test-method> <!-- LogTest -->
      </class> <!-- PackageA.Demo1 -->
    </test> <!-- Default test -->
  </suite> <!-- Default suite -->
</testng-results>
