<?xml version="1.0" encoding="UTF-8"?>
<testng-results skipped="0" failed="0" ignored="1" total="3" passed="2">
  <reporter-output>
  </reporter-output>
  <suite name="Suite" duration-ms="125" started-at="2020-04-01T15:52:48 NZDT" finished-at="2020-04-01T15:52:48 NZDT">
    <groups>
    </groups>
    <test name="Test" duration-ms="125" started-at="2020-04-01T15:52:48 NZDT" finished-at="2020-04-01T15:52:48 NZDT">
      <class name="demo.testngpractise.demo1">
        <test-method status="PASS" signature="aestcase2()[pri:0, instance:demo.testngpractise.demo1@5ce81285]" name="aestcase2" duration-ms="26" started-at="2020-04-01T15:52:48 NZDT" finished-at="2020-04-01T15:52:48 NZDT">
          <reporter-output>
          </reporter-output>
        </test-method> <!-- aestcase2 -->
        <test-method status="PASS" signature="bestcase3()[pri:0, instance:demo.testngpractise.demo1@5ce81285]" name="bestcase3" duration-ms="2" started-at="2020-04-01T15:52:48 NZDT" finished-at="2020-04-01T15:52:48 NZDT">
          <reporter-output>
          </reporter-output>
        </test-method> <!-- bestcase3 -->
      </class> <!-- demo.testngpractise.demo1 -->
    </test> <!-- Test -->
  </suite> <!-- Suite -->
</testng-results>
