<?xml version="1.0" encoding="UTF-8"?>
<!-- Generated by org.testng.reporters.JUnitXMLReporter -->
<testsuite hostname="NZWGTNLP54" ignored="0" name="Default test" tests="4" failures="0" timestamp="2020-02-14T13:29:28 NZDT" time="0.075" errors="0">
  <testcase name="method3" time="0.008" classname="TestPackage2.TestClass3"/>
  <testcase name="method33" time="0.001" classname="TestPackage2.TestClass3"/>
  <testcase name="method33" time="0.001" classname="TestPackage2.TestClass3"/>
  <testcase name="method33" time="0.001" classname="TestPackage2.TestClass3"/>
</testsuite> <!-- Default test -->
